The system is: Windows - 10.0.22621 - AMD64
Compiling the C compiler identification source file "CMakeCCompilerId.c" succeeded.
Compiler: C:/Program Files/Microsoft Visual Studio/2022/Community/VC/Tools/MSVC/14.33.31629/bin/Hostx86/x86/cl.exe 
Build flags: 
Id flags:  

The output was:
0
Microsoft (R) C/C++ Optimizing Compiler versione 19.33.31630 per x86
Copyright (C) Microsoft Corporation. Tutti i diritti  sono riservati.

CMakeCCompilerId.c
Microsoft (R) Incremental Linker Version 14.33.31630.0
Copyright (C) Microsoft Corporation.  All rights reserved.

/out:CMakeCCompilerId.exe 
CMakeCCompilerId.obj 


Compilation of the C compiler identification source "CMakeCCompilerId.c" produced "CMakeCCompilerId.exe"

Compilation of the C compiler identification source "CMakeCCompilerId.c" produced "CMakeCCompilerId.obj"

The C compiler identification is MSVC, found in "C:/Users/Axel/Desktop/Axel/Workspace/IdeaProjects/Temp/downward-main/builds/release/CMakeFiles/3.24.2/CompilerIdC/CMakeCCompilerId.exe"

Compiling the CXX compiler identification source file "CMakeCXXCompilerId.cpp" succeeded.
Compiler: C:/Program Files/Microsoft Visual Studio/2022/Community/VC/Tools/MSVC/14.33.31629/bin/Hostx86/x86/cl.exe 
Build flags: 
Id flags:  

The output was:
0
Microsoft (R) C/C++ Optimizing Compiler versione 19.33.31630 per x86
Copyright (C) Microsoft Corporation. Tutti i diritti  sono riservati.

CMakeCXXCompilerId.cpp
Microsoft (R) Incremental Linker Version 14.33.31630.0
Copyright (C) Microsoft Corporation.  All rights reserved.

/out:CMakeCXXCompilerId.exe 
CMakeCXXCompilerId.obj 


Compilation of the CXX compiler identification source "CMakeCXXCompilerId.cpp" produced "CMakeCXXCompilerId.exe"

Compilation of the CXX compiler identification source "CMakeCXXCompilerId.cpp" produced "CMakeCXXCompilerId.obj"

The CXX compiler identification is MSVC, found in "C:/Users/Axel/Desktop/Axel/Workspace/IdeaProjects/Temp/downward-main/builds/release/CMakeFiles/3.24.2/CompilerIdCXX/CMakeCXXCompilerId.exe"

Detecting C compiler ABI info compiled with the following output:
Change Dir: C:/Users/Axel/Desktop/Axel/Workspace/IdeaProjects/Temp/downward-main/builds/release/CMakeFiles/CMakeTmp

Run Build Command(s):nmake -f Makefile /nologo cmTC_645b1\fast && 	"C:\Program Files\Microsoft Visual Studio\2022\Community\VC\Tools\MSVC\14.33.31629\bin\HostX86\x86\nmake.exe"  -f CMakeFiles\cmTC_645b1.dir\build.make /nologo -L                  CMakeFiles\cmTC_645b1.dir\build
Building C object CMakeFiles/cmTC_645b1.dir/CMakeCCompilerABI.c.obj
	"C:\Program Files\CMake\bin\cmake.exe" -E cmake_cl_compile_depends --dep-file=CMakeFiles\cmTC_645b1.dir\CMakeCCompilerABI.c.obj.d --working-dir=C:\Users\Axel\Desktop\Axel\Workspace\IdeaProjects\Temp\downward-main\builds\release\CMakeFiles\CMakeTmp --filter-prefix="Nota: file incluso  C:" -- C:\PROGRA~1\MIB055~1\2022\COMMUN~1\VC\Tools\MSVC\1433~1.316\bin\Hostx86\x86\cl.exe @C:\Users\Axel\AppData\Local\Temp\nm26C9.tmp
CMakeCCompilerABI.c
Linking C executable cmTC_645b1.exe
	"C:\Program Files\CMake\bin\cmake.exe" -E vs_link_exe --intdir=CMakeFiles\cmTC_645b1.dir --rc=C:\PROGRA~2\WI3CF2~1\10\bin\100190~1.0\x86\rc.exe --mt=C:\PROGRA~2\WI3CF2~1\10\bin\100190~1.0\x86\mt.exe --manifests -- C:\PROGRA~1\MIB055~1\2022\COMMUN~1\VC\Tools\MSVC\1433~1.316\bin\Hostx86\x86\link.exe /nologo @CMakeFiles\cmTC_645b1.dir\objects1.rsp @C:\Users\Axel\AppData\Local\Temp\nm29F6.tmp



Detecting CXX compiler ABI info compiled with the following output:
Change Dir: C:/Users/Axel/Desktop/Axel/Workspace/IdeaProjects/Temp/downward-main/builds/release/CMakeFiles/CMakeTmp

Run Build Command(s):nmake -f Makefile /nologo cmTC_a81e6\fast && 	"C:\Program Files\Microsoft Visual Studio\2022\Community\VC\Tools\MSVC\14.33.31629\bin\HostX86\x86\nmake.exe"  -f CMakeFiles\cmTC_a81e6.dir\build.make /nologo -L                  CMakeFiles\cmTC_a81e6.dir\build
Building CXX object CMakeFiles/cmTC_a81e6.dir/CMakeCXXCompilerABI.cpp.obj
	"C:\Program Files\CMake\bin\cmake.exe" -E cmake_cl_compile_depends --dep-file=CMakeFiles\cmTC_a81e6.dir\CMakeCXXCompilerABI.cpp.obj.d --working-dir=C:\Users\Axel\Desktop\Axel\Workspace\IdeaProjects\Temp\downward-main\builds\release\CMakeFiles\CMakeTmp --filter-prefix="Nota: file incluso  C:" -- C:\PROGRA~1\MIB055~1\2022\COMMUN~1\VC\Tools\MSVC\1433~1.316\bin\Hostx86\x86\cl.exe @C:\Users\Axel\AppData\Local\Temp\nm30AC.tmp
CMakeCXXCompilerABI.cpp
Linking CXX executable cmTC_a81e6.exe
	"C:\Program Files\CMake\bin\cmake.exe" -E vs_link_exe --intdir=CMakeFiles\cmTC_a81e6.dir --rc=C:\PROGRA~2\WI3CF2~1\10\bin\100190~1.0\x86\rc.exe --mt=C:\PROGRA~2\WI3CF2~1\10\bin\100190~1.0\x86\mt.exe --manifests -- C:\PROGRA~1\MIB055~1\2022\COMMUN~1\VC\Tools\MSVC\1433~1.316\bin\Hostx86\x86\link.exe /nologo @CMakeFiles\cmTC_a81e6.dir\objects1.rsp @C:\Users\Axel\AppData\Local\Temp\nm31C6.tmp



